<?xml version="1.0" encoding="UTF-8"?>
<testsuite name="br.example.liskov.EmployeeUnitTest" tests="1" skipped="0" failures="0" errors="0" timestamp="2021-07-22T18:00:50" hostname="users-MacBook-Pro.local" time="0.005">
  <properties/>
  <testcase name="checkEmployeeHierarchy" classname="br.example.liskov.EmployeeUnitTest" time="0.005"/>
  <system-out><![CDATA[Mark salary is $6270.0
]]></system-out>
  <system-err><![CDATA[]]></system-err>
</testsuite>
